<?xml version="1.0" encoding="UTF-8"?>
<!-- Generated by org.testng.reporters.JUnitReportReporter -->
<testsuite hostname="LAPTOP-G5KEBRKS" failures="0" tests="1" name="com.actitime.testscript.CustomerModule" time="17.108" errors="0" timestamp="2022-04-27T18:06:19 IST" skipped="0">
  <testcase classname="com.actitime.testscript.CustomerModule" name="createCustomer" time="17.108"/>
  <system-out>
    <![CDATA[create Customer]]>
  </system-out>
</testsuite> <!-- com.actitime.testscript.CustomerModule -->
